Controller created successfully.
Model created successfully.
Created Migration: 2017_10_06_154849_upload_file
Controller already exists!
Model already exists!
Created Migration: 2017_10_18_094632_customer_info
Controller created successfully.
Model created successfully.
Created Migration: 2017_10_18_115220_customer_level
Controller created successfully.
Model created successfully.
Created Migration: 2017_10_19_083435_contract
Controller created successfully.
Model created successfully.
Created Migration: 2017_10_19_144000_customer_owner
Controller created successfully.
Model created successfully.
Created Migration: 2017_10_19_152523_commission
Controller created successfully.
Model created successfully.
Created Migration: 2017_10_19_153113_community_role
Controller created successfully.
Model created successfully.
Created Migration: 2017_10_25_150338_roles
Controller created successfully.
Model created successfully.
Created Migration: 2017_10_25_150350_role
Controller created successfully.
Model created successfully.
Created Migration: 2017_10_25_150409_permission
Controller created successfully.
Model created successfully.
Created Migration: 2017_10_26_112158_permission_role
Controller created successfully.
Model created successfully.
Created Migration: 2017_10_28_152715_community_seller
Controller created successfully.
Model created successfully.
Created Migration: 2017_10_31_140209_house_owner
